# JRE version: OpenJDK Runtime Environment (17.0.8) (build 17.0.8+0--10699129)
# Java VM: OpenJDK 64-Bit Server VM (17.0.8+0--10699129, mixed mode, tiered, compressed oops, compressed class ptrs, g1 gc, windows-amd64)
GC Precious Log:
 CPUs: 6 total, 6 available
 Memory: 16328M
 Large Page Support: Disabled
 NUMA Support: Disabled
 Compressed Oops: Enabled (32-bit)
 Heap Region Size: 1M
 Heap Min Capacity: 8M
 Heap Initial Capacity: 256M
 Heap Max Capacity: 2G
 Pre-touch: Disabled
 Parallel Workers: 6
 Concurrent Workers: 2
 Concurrent Refinement Workers: 6
 Periodic GC: Disabled
Heap:
 garbage-first heap   total 466944K, used 377239K [0x0000000080000000, 0x0000000100000000)
  region size 1024K, 116 young (118784K), 15 survivors (15360K)
 Metaspace       used 151936K, committed 153088K, reserved 1245184K
  class space    used 20068K, committed 20608K, reserved 1048576K
GC Heap History (20 events):
Event: 991.413 GC heap before
{Heap before GC invocations=61 (full 0):
 garbage-first heap   total 331776K, used 280889K [0x0000000080000000, 0x0000000100000000)
  region size 1024K, 107 young (109568K), 12 survivors (12288K)
 Metaspace       used 144720K, committed 145792K, reserved 1179648K
  class space    used 19265K, committed 19776K, reserved 1048576K
}
Event: 991.477 GC heap after
{Heap after GC invocations=62 (full 0):
 garbage-first heap   total 331776K, used 203058K [0x0000000080000000, 0x0000000100000000)
  region size 1024K, 14 young (14336K), 14 survivors (14336K)
 Metaspace       used 144720K, committed 145792K, reserved 1179648K
  class space    used 19265K, committed 19776K, reserved 1048576K
}
Event: 993.026 GC heap before
{Heap before GC invocations=62 (full 0):
 garbage-first heap   total 331776K, used 268594K [0x0000000080000000, 0x0000000100000000)
  region size 1024K, 71 young (72704K), 14 survivors (14336K)
 Metaspace       used 145083K, committed 146240K, reserved 1179648K
  class space    used 19297K, committed 19840K, reserved 1048576K
}
Event: 993.048 GC heap after
{Heap after GC invocations=63 (full 0):
 garbage-first heap   total 331776K, used 215552K [0x0000000080000000, 0x0000000100000000)
  region size 1024K, 9 young (9216K), 9 survivors (9216K)
 Metaspace       used 145083K, committed 146240K, reserved 1179648K
  class space    used 19297K, committed 19840K, reserved 1048576K
}
Event: 993.678 GC heap before
{Heap before GC invocations=64 (full 0):
 garbage-first heap   total 398336K, used 276992K [0x0000000080000000, 0x0000000100000000)
  region size 1024K, 52 young (53248K), 9 survivors (9216K)
 Metaspace       used 145619K, committed 146688K, reserved 1179648K
  class space    used 19345K, committed 19840K, reserved 1048576K
}
Event: 993.698 GC heap after
{Heap after GC invocations=65 (full 0):
 garbage-first heap   total 398336K, used 218112K [0x0000000080000000, 0x0000000100000000)
  region size 1024K, 7 young (7168K), 7 survivors (7168K)
 Metaspace       used 145619K, committed 146688K, reserved 1179648K
  class space    used 19345K, committed 19840K, reserved 1048576K
}
Event: 993.929 GC heap before
{Heap before GC invocations=65 (full 0):
 garbage-first heap   total 398336K, used 229376K [0x0000000080000000, 0x0000000100000000)
  region size 1024K, 19 young (19456K), 7 survivors (7168K)
 Metaspace       used 145951K, committed 147072K, reserved 1179648K
  class space    used 19363K, committed 19904K, reserved 1048576K
}
Event: 993.939 GC heap after
{Heap after GC invocations=66 (full 0):
 garbage-first heap   total 398336K, used 189933K [0x0000000080000000, 0x0000000100000000)
  region size 1024K, 3 young (3072K), 3 survivors (3072K)
 Metaspace       used 145951K, committed 147072K, reserved 1179648K
  class space    used 19363K, committed 19904K, reserved 1048576K
}
Event: 995.248 GC heap before
{Heap before GC invocations=66 (full 0):
 garbage-first heap   total 398336K, used 344557K [0x0000000080000000, 0x0000000100000000)
  region size 1024K, 123 young (125952K), 3 survivors (3072K)
 Metaspace       used 148185K, committed 149248K, reserved 1179648K
  class space    used 19532K, committed 20032K, reserved 1048576K
}
Event: 995.254 GC heap after
{Heap after GC invocations=67 (full 0):
 garbage-first heap   total 398336K, used 193155K [0x0000000080000000, 0x0000000100000000)
  region size 1024K, 6 young (6144K), 6 survivors (6144K)
 Metaspace       used 148185K, committed 149248K, reserved 1179648K
  class space    used 19532K, committed 20032K, reserved 1048576K
}
Event: 996.781 GC heap before
{Heap before GC invocations=67 (full 0):
 garbage-first heap   total 398336K, used 316035K [0x0000000080000000, 0x0000000100000000)
  region size 1024K, 125 young (128000K), 6 survivors (6144K)
 Metaspace       used 150186K, committed 151296K, reserved 1245184K
  class space    used 19791K, committed 20288K, reserved 1048576K
}
Event: 996.789 GC heap after
{Heap after GC invocations=68 (full 0):
 garbage-first heap   total 398336K, used 198816K [0x0000000080000000, 0x0000000100000000)
  region size 1024K, 12 young (12288K), 12 survivors (12288K)
 Metaspace       used 150186K, committed 151296K, reserved 1245184K
  class space    used 19791K, committed 20288K, reserved 1048576K
}
Event: 997.684 GC heap before
{Heap before GC invocations=68 (full 0):
 garbage-first heap   total 398336K, used 326816K [0x0000000080000000, 0x0000000100000000)
  region size 1024K, 132 young (135168K), 12 survivors (12288K)
 Metaspace       used 150297K, committed 151360K, reserved 1245184K
  class space    used 19800K, committed 20288K, reserved 1048576K
}
Event: 997.705 GC heap after
{Heap after GC invocations=69 (full 0):
 garbage-first heap   total 398336K, used 215967K [0x0000000080000000, 0x0000000100000000)
  region size 1024K, 17 young (17408K), 17 survivors (17408K)
 Metaspace       used 150297K, committed 151360K, reserved 1245184K
  class space    used 19800K, committed 20288K, reserved 1048576K
}
Event: 998.411 GC heap before
{Heap before GC invocations=69 (full 0):
 garbage-first heap   total 398336K, used 322463K [0x0000000080000000, 0x0000000100000000)
  region size 1024K, 122 young (124928K), 17 survivors (17408K)
 Metaspace       used 150656K, committed 151744K, reserved 1245184K
  class space    used 19847K, committed 20352K, reserved 1048576K
}
Event: 998.437 GC heap after
{Heap after GC invocations=70 (full 0):
 garbage-first heap   total 398336K, used 235415K [0x0000000080000000, 0x0000000100000000)
  region size 1024K, 16 young (16384K), 16 survivors (16384K)
 Metaspace       used 150656K, committed 151744K, reserved 1245184K
  class space    used 19847K, committed 20352K, reserved 1048576K
}
Event: 998.708 GC heap before
{Heap before GC invocations=70 (full 0):
 garbage-first heap   total 398336K, used 324503K [0x0000000080000000, 0x0000000100000000)
  region size 1024K, 103 young (105472K), 16 survivors (16384K)
 Metaspace       used 150965K, committed 152064K, reserved 1245184K
  class space    used 19908K, committed 20416K, reserved 1048576K
}
Event: 998.729 GC heap after
{Heap after GC invocations=71 (full 0):
 garbage-first heap   total 466944K, used 250368K [0x0000000080000000, 0x0000000100000000)
  region size 1024K, 13 young (13312K), 13 survivors (13312K)
 Metaspace       used 150965K, committed 152064K, reserved 1245184K
  class space    used 19908K, committed 20416K, reserved 1048576K
}
Event: 999.006 GC heap before
{Heap before GC invocations=71 (full 0):
 garbage-first heap   total 466944K, used 391680K [0x0000000080000000, 0x0000000100000000)
  region size 1024K, 134 young (137216K), 13 survivors (13312K)
 Metaspace       used 151540K, committed 152704K, reserved 1245184K
  class space    used 20013K, committed 20544K, reserved 1048576K
}
Event: 999.031 GC heap after
{Heap after GC invocations=72 (full 0):
 garbage-first heap   total 466944K, used 273815K [0x0000000080000000, 0x0000000100000000)
  region size 1024K, 15 young (15360K), 15 survivors (15360K)
 Metaspace       used 151540K, committed 152704K, reserved 1245184K
  class space    used 20013K, committed 20544K, reserved 1048576K
}

