# JRE version: OpenJDK Runtime Environment (17.0.8) (build 17.0.8+0--10699129)
# Java VM: OpenJDK 64-Bit Server VM (17.0.8+0--10699129, mixed mode, tiered, compressed oops, compressed class ptrs, g1 gc, windows-amd64)
GC Precious Log:
 CPUs: 6 total, 6 available
 Memory: 16328M
 Large Page Support: Disabled
 NUMA Support: Disabled
 Compressed Oops: Enabled (32-bit)
 Heap Region Size: 1M
 Heap Min Capacity: 8M
 Heap Initial Capacity: 256M
 Heap Max Capacity: 2G
 Pre-touch: Disabled
 Parallel Workers: 6
 Concurrent Workers: 2
 Concurrent Refinement Workers: 6
 Periodic GC: Disabled
Heap:
 garbage-first heap   total 210944K, used 135444K [0x0000000080000000, 0x0000000100000000)
  region size 1024K, 6 young (6144K), 3 survivors (3072K)
 Metaspace       used 104535K, committed 105472K, reserved 1179648K
  class space    used 13982K, committed 14400K, reserved 1048576K
GC Heap History (20 events):
Event: 12.110 GC heap before
{Heap before GC invocations=35 (full 0):
 garbage-first heap   total 175104K, used 144460K [0x0000000080000000, 0x0000000100000000)
  region size 1024K, 70 young (71680K), 6 survivors (6144K)
 Metaspace       used 85769K, committed 86528K, reserved 1179648K
  class space    used 11712K, committed 12032K, reserved 1048576K
}
Event: 12.118 GC heap after
{Heap after GC invocations=36 (full 0):
 garbage-first heap   total 175104K, used 80524K [0x0000000080000000, 0x0000000100000000)
  region size 1024K, 9 young (9216K), 9 survivors (9216K)
 Metaspace       used 85769K, committed 86528K, reserved 1179648K
  class space    used 11712K, committed 12032K, reserved 1048576K
}
Event: 31.033 GC heap before
{Heap before GC invocations=36 (full 0):
 garbage-first heap   total 175104K, used 139916K [0x0000000080000000, 0x0000000100000000)
  region size 1024K, 68 young (69632K), 9 survivors (9216K)
 Metaspace       used 90500K, committed 91200K, reserved 1179648K
  class space    used 12111K, committed 12416K, reserved 1048576K
}
Event: 31.040 GC heap after
{Heap after GC invocations=37 (full 0):
 garbage-first heap   total 175104K, used 84937K [0x0000000080000000, 0x0000000100000000)
  region size 1024K, 5 young (5120K), 5 survivors (5120K)
 Metaspace       used 90500K, committed 91200K, reserved 1179648K
  class space    used 12111K, committed 12416K, reserved 1048576K
}
Event: 31.700 GC heap before
{Heap before GC invocations=37 (full 0):
 garbage-first heap   total 175104K, used 141257K [0x0000000080000000, 0x0000000100000000)
  region size 1024K, 60 young (61440K), 5 survivors (5120K)
 Metaspace       used 94042K, committed 94848K, reserved 1179648K
  class space    used 12599K, committed 12992K, reserved 1048576K
}
Event: 31.707 GC heap after
{Heap after GC invocations=38 (full 0):
 garbage-first heap   total 175104K, used 88522K [0x0000000080000000, 0x0000000100000000)
  region size 1024K, 8 young (8192K), 8 survivors (8192K)
 Metaspace       used 94042K, committed 94848K, reserved 1179648K
  class space    used 12599K, committed 12992K, reserved 1048576K
}
Event: 32.344 GC heap before
{Heap before GC invocations=38 (full 0):
 garbage-first heap   total 175104K, used 142794K [0x0000000080000000, 0x0000000100000000)
  region size 1024K, 61 young (62464K), 8 survivors (8192K)
 Metaspace       used 98025K, committed 98816K, reserved 1179648K
  class space    used 13169K, committed 13504K, reserved 1048576K
}
Event: 32.352 GC heap after
{Heap after GC invocations=39 (full 0):
 garbage-first heap   total 175104K, used 92409K [0x0000000080000000, 0x0000000100000000)
  region size 1024K, 8 young (8192K), 8 survivors (8192K)
 Metaspace       used 98025K, committed 98816K, reserved 1179648K
  class space    used 13169K, committed 13504K, reserved 1048576K
}
Event: 32.906 GC heap before
{Heap before GC invocations=39 (full 0):
 garbage-first heap   total 175104K, used 142585K [0x0000000080000000, 0x0000000100000000)
  region size 1024K, 58 young (59392K), 8 survivors (8192K)
 Metaspace       used 100159K, committed 100928K, reserved 1179648K
  class space    used 13533K, committed 13888K, reserved 1048576K
}
Event: 32.916 GC heap after
{Heap after GC invocations=40 (full 0):
 garbage-first heap   total 175104K, used 97657K [0x0000000080000000, 0x0000000100000000)
  region size 1024K, 8 young (8192K), 8 survivors (8192K)
 Metaspace       used 100159K, committed 100928K, reserved 1179648K
  class space    used 13533K, committed 13888K, reserved 1048576K
}
Event: 33.270 GC heap before
{Heap before GC invocations=40 (full 0):
 garbage-first heap   total 175104K, used 141689K [0x0000000080000000, 0x0000000100000000)
  region size 1024K, 52 young (53248K), 8 survivors (8192K)
 Metaspace       used 100511K, committed 101312K, reserved 1179648K
  class space    used 13544K, committed 13888K, reserved 1048576K
}
Event: 33.279 GC heap after
{Heap after GC invocations=41 (full 0):
 garbage-first heap   total 175104K, used 101487K [0x0000000080000000, 0x0000000100000000)
  region size 1024K, 4 young (4096K), 4 survivors (4096K)
 Metaspace       used 100511K, committed 101312K, reserved 1179648K
  class space    used 13544K, committed 13888K, reserved 1048576K
}
Event: 33.689 GC heap before
{Heap before GC invocations=41 (full 0):
 garbage-first heap   total 175104K, used 143471K [0x0000000080000000, 0x0000000100000000)
  region size 1024K, 46 young (47104K), 4 survivors (4096K)
 Metaspace       used 102890K, committed 103808K, reserved 1179648K
  class space    used 13844K, committed 14272K, reserved 1048576K
}
Event: 33.696 GC heap after
{Heap after GC invocations=42 (full 0):
 garbage-first heap   total 175104K, used 103826K [0x0000000080000000, 0x0000000100000000)
  region size 1024K, 6 young (6144K), 6 survivors (6144K)
 Metaspace       used 102890K, committed 103808K, reserved 1179648K
  class space    used 13844K, committed 14272K, reserved 1048576K
}
Event: 34.515 GC heap before
{Heap before GC invocations=42 (full 0):
 garbage-first heap   total 175104K, used 144786K [0x0000000080000000, 0x0000000100000000)
  region size 1024K, 47 young (48128K), 6 survivors (6144K)
 Metaspace       used 103868K, committed 104768K, reserved 1179648K
  class space    used 13920K, committed 14336K, reserved 1048576K
}
Event: 34.525 GC heap after
{Heap after GC invocations=43 (full 0):
 garbage-first heap   total 175104K, used 111251K [0x0000000080000000, 0x0000000100000000)
  region size 1024K, 6 young (6144K), 6 survivors (6144K)
 Metaspace       used 103868K, committed 104768K, reserved 1179648K
  class space    used 13920K, committed 14336K, reserved 1048576K
}
Event: 34.887 GC heap before
{Heap before GC invocations=43 (full 0):
 garbage-first heap   total 175104K, used 152211K [0x0000000080000000, 0x0000000100000000)
  region size 1024K, 37 young (37888K), 6 survivors (6144K)
 Metaspace       used 103912K, committed 104832K, reserved 1179648K
  class space    used 13920K, committed 14336K, reserved 1048576K
}
Event: 34.900 GC heap after
{Heap after GC invocations=44 (full 0):
 garbage-first heap   total 175104K, used 130048K [0x0000000080000000, 0x0000000100000000)
  region size 1024K, 5 young (5120K), 5 survivors (5120K)
 Metaspace       used 103912K, committed 104832K, reserved 1179648K
  class space    used 13920K, committed 14336K, reserved 1048576K
}
Event: 35.045 GC heap before
{Heap before GC invocations=44 (full 0):
 garbage-first heap   total 175104K, used 143360K [0x0000000080000000, 0x0000000100000000)
  region size 1024K, 19 young (19456K), 5 survivors (5120K)
 Metaspace       used 104414K, committed 105280K, reserved 1179648K
  class space    used 13972K, committed 14400K, reserved 1048576K
}
Event: 35.051 GC heap after
{Heap after GC invocations=45 (full 0):
 garbage-first heap   total 210944K, used 133396K [0x0000000080000000, 0x0000000100000000)
  region size 1024K, 3 young (3072K), 3 survivors (3072K)
 Metaspace       used 104414K, committed 105280K, reserved 1179648K
  class space    used 13972K, committed 14400K, reserved 1048576K
}

